<?xml version="1.0" encoding="UTF-8"?>
<!-- Generated by org.testng.reporters.JUnitXMLReporter -->
<testsuite ignored="0" hostname="DESKTOP-N3NJ75N" failures="0" tests="9" name="Functional Testing" time="46.944" errors="0" timestamp="2024-05-25T00:03:32 IST">
  <testcase classname="UI.VerifyTitleAndTextTest" name="titleTest" time="4.608"/>
  <testcase classname="UI.GroupDemoTest" name="Ctest" time="0.003"/>
  <testcase classname="UI.GroupDemoTest" name="Dtest" time="0.002"/>
  <testcase classname="UI.GroupDemoTest" name="Etest" time="0.003"/>
  <testcase classname="UI.GroupDemoTest" name="Atest" time="0.002"/>
  <testcase classname="UI.GroupDemoTest" name="Btest" time="0.001"/>
  <testcase classname="UI.VerifyTitleTest" name="titleTest" time="4.684"/>
  <testcase classname="UI.Login_Test_" name="BLogin" time="0.001"/>
  <testcase classname="UI.Login_Test_" name="ALogOut" time="0.001"/>
</testsuite> <!-- Functional Testing -->
