<?xml version="1.0" encoding="UTF-8"?>
<!-- Generated by org.testng.reporters.JUnitXMLReporter -->
<testsuite ignored="0" hostname="DESKTOP-N3NJ75N" failures="0" tests="5" name="Default test" time="0.043" errors="0" timestamp="2024-06-01T12:18:00 IST">
  <testcase classname="UI.ReportGenerate" name="Reporter_Test_1" time="0.008"/>
  <testcase classname="UI.ReportGenerate" name="Reporter_Test_2" time="0.001"/>
  <testcase classname="UI.ReportGenerate" name="Reporter_Test_3" time="0.001"/>
  <testcase classname="UI.ReportGenerate" name="Reporter_Test_4" time="0.001"/>
  <testcase classname="UI.ReportGenerate" name="Reporter_Test_5" time="0.001"/>
</testsuite> <!-- Default test -->
