<?xml version="1.0" encoding="UTF-8"?>
<!-- Generated by org.testng.reporters.JUnitXMLReporter -->
<testsuite ignored="0" hostname="DESKTOP-N3NJ75N" failures="0" tests="8" name="Default test" time="0.067" errors="0" timestamp="2024-05-26T17:54:15 IST">
  <testcase classname="UI.DataProvidersDemoTest" name="test" time="0.011"/>
  <testcase classname="UI.DataProvidersDemoTest" name="test" time="0.001"/>
  <testcase classname="UI.DataProvidersDemoTest" name="test" time="0.001"/>
  <testcase classname="UI.DataProvidersDemoTest" name="test" time="0.001"/>
  <testcase classname="UI.DataProvidersDemoTest" name="testone" time="0.003"/>
  <testcase classname="UI.DataProvidersDemoTest" name="testone" time="0.0"/>
  <testcase classname="UI.DataProvidersDemoTest" name="testone" time="0.0"/>
  <testcase classname="UI.DataProvidersDemoTest" name="testone" time="0.0"/>
</testsuite> <!-- Default test -->
