<?xml version="1.0" encoding="UTF-8"?>
<!-- Generated by org.testng.reporters.JUnitXMLReporter -->
<testsuite ignored="0" hostname="DESKTOP-N3NJ75N" failures="1" tests="9" name="Test" time="30.652" errors="0" timestamp="2024-05-22T16:42:51 IST">
  <testcase classname="UI.VerifyTitleAndTextTest" name="titleTest" time="4.383"/>
  <testcase classname="UI.GroupDemoTest" name="Ctest" time="0.003"/>
  <testcase classname="UI.GroupDemoTest" name="Dtest" time="0.001"/>
  <testcase classname="UI.GroupDemoTest" name="Etest" time="0.004"/>
  <testcase classname="UI.GroupDemoTest" name="Atest" time="0.002"/>
  <testcase classname="UI.GroupDemoTest" name="Btest" time="0.012"/>
  <testcase classname="UI.VerifyTitleTest" name="titleTest" time="7.044">
    <failure type="java.lang.AssertionError" message="Title does not match! expected [Electronics, Cars, Fashion, Collectibles &amp;amp; More | eBay] but found []">
      <![CDATA[java.lang.AssertionError: Title does not match! expected [Electronics, Cars, Fashion, Collectibles & More | eBay] but found []
at UI.VerifyTitleTest.titleTest(VerifyTitleTest.java:57)
at java.base/java.util.ArrayList.forEach(ArrayList.java:1596)
... Removed 30 stack frames]]>
    </failure>
  </testcase> <!-- titleTest -->
  <testcase classname="UI.Login_Test_" name="BLogin" time="0.001"/>
  <testcase classname="UI.Login_Test_" name="ALogOut" time="0.0"/>
</testsuite> <!-- Test -->
