<?xml version="1.0" encoding="UTF-8"?>
<!-- Generated by org.testng.reporters.JUnitXMLReporter -->
<testsuite ignored="2" hostname="DESKTOP-N3NJ75N" failures="0" tests="3" name="GRP-regression" time="0.097" errors="0" timestamp="2024-05-22T10:59:22 IST">
  <testcase classname="UI.GroupDemoTest" name="Ctest" time="0.037"/>
  <testcase classname="UI.GroupDemoTest" name="Atest" time="0.002"/>
  <testcase classname="UI.GroupDemoTest" name="Btest" time="0.001"/>
  <testcase classname="UI.GroupDemoTest" name="Etest" time="0.0">
    <ignored/>
  </testcase> <!-- Etest -->
  <testcase classname="UI.GroupDemoTest" name="Dtest" time="0.0">
    <ignored/>
  </testcase> <!-- Dtest -->
</testsuite> <!-- GRP-regression -->
