<?xml version="1.0" encoding="UTF-8"?>
<!-- Generated by org.testng.reporters.JUnitXMLReporter -->
<testsuite ignored="0" hostname="DESKTOP-N3NJ75N" failures="0" tests="7" name="Test" time="9.234" errors="0" timestamp="2024-05-25T00:03:41 IST">
  <testcase classname="UI.GroupDemoTest" name="Ctest" time="0.001"/>
  <testcase classname="UI.GroupDemoTest" name="Dtest" time="0.004"/>
  <testcase classname="UI.GroupDemoTest" name="Etest" time="0.003"/>
  <testcase classname="UI.GroupDemoTest" name="Atest" time="0.003"/>
  <testcase classname="UI.GroupDemoTest" name="Btest" time="0.001"/>
  <testcase classname="UI.Login_Test_" name="BLogin" time="0.0"/>
  <testcase classname="UI.Login_Test_" name="ALogOut" time="0.001"/>
</testsuite> <!-- Test -->
