<?xml version="1.0" encoding="UTF-8"?>
<testng-results ignored="0" total="1" passed="1" failed="0" skipped="0">
  <reporter-output>
  </reporter-output>
  <suite started-at="2024-05-29T11:05:23 IST" name="Reading browser details about testng xml" finished-at="2024-05-29T11:06:11 IST" duration-ms="48102">
    <groups>
    </groups>
    <test started-at="2024-05-29T11:05:23 IST" name="Reading browser details about testng xml" finished-at="2024-05-29T11:06:11 IST" duration-ms="48102">
      <class name="UI.Login_Test_Browser_External_XML_File">
        <test-method signature="LaunchApplication(java.lang.String)[pri:0, instance:UI.Login_Test_Browser_External_XML_File@dbf57b3]" started-at="2024-05-29T11:05:23 IST" name="LaunchApplication" finished-at="2024-05-29T11:06:11 IST" duration-ms="47828" status="PASS">
          <params>
            <param index="0">
              <value>
                <![CDATA[edge]]>
              </value>
            </param>
          </params>
          <reporter-output>
          </reporter-output>
        </test-method> <!-- LaunchApplication -->
      </class> <!-- UI.Login_Test_Browser_External_XML_File -->
    </test> <!-- Reading browser details about testng xml -->
  </suite> <!-- Reading browser details about testng xml -->
</testng-results>
