<?xml version="1.0" encoding="UTF-8"?>
<!-- Generated by org.testng.reporters.JUnitXMLReporter -->
<testsuite ignored="0" hostname="DESKTOP-N3NJ75N" failures="0" tests="5" name="Test BeforeSUite and AfterSuite" time="0.045" errors="0" timestamp="2024-05-25T16:26:26 IST">
  <testcase classname="UI.GroupDemoTest2" name="Ctest" time="0.007"/>
  <testcase classname="UI.GroupDemoTest2" name="Dtest" time="0.002"/>
  <testcase classname="UI.GroupDemoTest2" name="Etest" time="0.002"/>
  <testcase classname="UI.GroupDemoTest2" name="Atest" time="0.001"/>
  <testcase classname="UI.GroupDemoTest2" name="Btest" time="0.001"/>
</testsuite> <!-- Test BeforeSUite and AfterSuite -->
